[27/Jul/2016:15:02:27] ENGINE Bus STARTING
[27/Jul/2016:15:02:27] ENGINE Bus STOPPING
[27/Jul/2016:15:02:27] ENGINE HTTP Server None already shut down
[27/Jul/2016:15:02:27] ENGINE Started monitor thread '_TimeoutMonitor'.
[27/Jul/2016:15:02:27] ENGINE Stopped thread '_TimeoutMonitor'.
[27/Jul/2016:15:02:28] ENGINE Bus STOPPED
[27/Jul/2016:15:02:28] ENGINE Bus EXITING
[27/Jul/2016:15:02:28] ENGINE Bus EXITED
[27/Jul/2016:15:04:38] ENGINE Bus STARTING
[27/Jul/2016:15:04:38] ENGINE Bus STOPPING
[27/Jul/2016:15:04:38] ENGINE HTTP Server None already shut down
[27/Jul/2016:15:04:38] ENGINE Started monitor thread '_TimeoutMonitor'.
[27/Jul/2016:15:04:38] ENGINE Stopped thread '_TimeoutMonitor'.
[27/Jul/2016:15:04:38] ENGINE Bus STOPPED
[27/Jul/2016:15:04:38] ENGINE Bus EXITING
[27/Jul/2016:15:04:38] ENGINE Bus EXITED
[27/Jul/2016:15:07:59] ENGINE Bus STARTING
[27/Jul/2016:15:07:59] ENGINE Bus STOPPING
[27/Jul/2016:15:07:59] ENGINE HTTP Server None already shut down
[27/Jul/2016:15:07:59] ENGINE No thread running for None.
[27/Jul/2016:15:07:59] ENGINE Bus STOPPED
[27/Jul/2016:15:07:59] ENGINE Started monitor thread '_TimeoutMonitor'.
[27/Jul/2016:15:07:59] ENGINE Bus EXITING
[27/Jul/2016:15:07:59] ENGINE Bus EXITED
[27/Jul/2016:16:07:17] ENGINE Bus STARTING
[27/Jul/2016:16:07:17] ENGINE Bus STOPPING
[27/Jul/2016:16:07:17] ENGINE HTTP Server None already shut down
[27/Jul/2016:16:07:17] ENGINE Started monitor thread '_TimeoutMonitor'.
[27/Jul/2016:16:07:17] ENGINE Stopped thread '_TimeoutMonitor'.
[27/Jul/2016:16:07:17] ENGINE Bus STOPPED
[27/Jul/2016:16:07:17] ENGINE Bus EXITING
[27/Jul/2016:16:07:17] ENGINE Bus EXITED
